-------------------------------------------------------------------------------
Test set: com.picochain.auth.test.JwtTest
-------------------------------------------------------------------------------
Tests run: 3, Failures: 0, Errors: 3, Skipped: 0, Time elapsed: 0.034 s <<< FAILURE! - in com.picochain.auth.test.JwtTest
testParseToken(com.picochain.auth.test.JwtTest)  Time elapsed: 0.006 s  <<< ERROR!
java.nio.file.NoSuchFileException: F:\tmp\rsa\rsa.pub
	at com.picochain.auth.test.JwtTest.testGetRsa(JwtTest.java:33)

testRsa(com.picochain.auth.test.JwtTest)  Time elapsed: 0 s  <<< ERROR!
java.nio.file.NoSuchFileException: F:\tmp\rsa\rsa.pub
	at com.picochain.auth.test.JwtTest.testGetRsa(JwtTest.java:33)

testGenerateToken(com.picochain.auth.test.JwtTest)  Time elapsed: 0.001 s  <<< ERROR!
java.nio.file.NoSuchFileException: F:\tmp\rsa\rsa.pub
	at com.picochain.auth.test.JwtTest.testGetRsa(JwtTest.java:33)

