<?xml version="1.0" encoding="UTF-8"?>
<testsuite xmlns:xsi="http://www.w3.org/2001/XMLSchema-instance" xsi:noNamespaceSchemaLocation="https://maven.apache.org/surefire/maven-surefire-plugin/xsd/surefire-test-report.xsd" name="com.picochain.auth.test.JwtTest" time="0.04" tests="3" errors="3" skipped="0" failures="0">
  <properties>
[...]
</properties>
  <testcase name="testParseToken" classname="com.picochain.auth.test.JwtTest" time="0.007">
    <error message="F:\tmp\rsa\rsa.pub" type="java.nio.file.NoSuchFileException">java.nio.file.NoSuchFileException: F:\tmp\rsa\rsa.pub
	at com.picochain.auth.test.JwtTest.testGetRsa(JwtTest.java:33)
</error>
  </testcase>
  <testcase name="testRsa" classname="com.picochain.auth.test.JwtTest" time="0">
    <error message="F:\tmp\rsa\rsa.pub" type="java.nio.file.NoSuchFileException">java.nio.file.NoSuchFileException: F:\tmp\rsa\rsa.pub
	at com.picochain.auth.test.JwtTest.testGetRsa(JwtTest.java:33)
</error>
  </testcase>
  <testcase name="testGenerateToken" classname="com.picochain.auth.test.JwtTest" time="0">
    <error message="F:\tmp\rsa\rsa.pub" type="java.nio.file.NoSuchFileException">java.nio.file.NoSuchFileException: F:\tmp\rsa\rsa.pub
	at com.picochain.auth.test.JwtTest.testGetRsa(JwtTest.java:33)
</error>
  </testcase>
</testsuite>